<?xml version="1.0" encoding="UTF-8"?>
<!-- Generated by org.testng.reporters.JUnitXMLReporter -->
<testsuite ignored="0" hostname="DESKTOP-98E3OTK" failures="0" tests="18" name="Test" time="0.187" errors="0" timestamp="27 May 2019 11:00:01 GMT">
  <testcase classname="testngpractice.PracticethreeTest" name="method1" time="0.017"/>
  <testcase classname="testngpractice.PracticethreeTest" name="method2" time="0.004"/>
  <testcase classname="testngpractice.PracticesevenTest" name="method1" time="0.015"/>
  <testcase classname="testngpractice.PracticesevenTest" name="method2" time="0.003"/>
  <testcase classname="testngpractice.PracticefiveTest" name="method1" time="0.002"/>
  <testcase classname="testngpractice.PracticefiveTest" name="method2" time="0.006"/>
  <testcase classname="testngpractice.PracticesixTest" name="method1" time="0.006"/>
  <testcase classname="testngpractice.PracticesixTest" name="method2" time="0.003"/>
  <testcase classname="testngpractice.PracticeeightTest" name="method1" time="0.005"/>
  <testcase classname="testngpractice.PracticeeightTest" name="method2" time="0.007"/>
  <testcase classname="testngpractice.PracticenightTest" name="method1" time="0.001"/>
  <testcase classname="testngpractice.PracticenightTest" name="method2" time="0.003"/>
  <testcase classname="testngpractice.PracticefourTest" name="method1" time="0.004"/>
  <testcase classname="testngpractice.PracticefourTest" name="method2" time="0.002"/>
  <testcase classname="testngpractice.PracticetwoTest" name="method1" time="0.001"/>
  <testcase classname="testngpractice.PracticetwoTest" name="method2" time="0.001"/>
  <testcase classname="testngpractice.PracticeoneTest" name="method1" time="0.001"/>
  <testcase classname="testngpractice.PracticeoneTest" name="method2" time="0.001"/>
</testsuite> <!-- Test -->
