<?xml version="1.0" encoding="UTF-8"?>
<!-- Generated by org.testng.reporters.JUnitXMLReporter -->
<testsuite ignored="0" hostname="DESKTOP-98E3OTK" failures="1" tests="10" name="Test1" time="39.589" errors="0" timestamp="30 May 2019 20:18:04 GMT">
  <testcase classname="testngpractice.Selenium" name="@BeforeTest intialization" time="3.485">
    <failure type="org.openqa.selenium.WebDriverException" message="Unable to parse remote response: Misconfigured -- Unsupported OS/browser/version/device combo: OS: &amp;apos;Windows 10&amp;apos;, Browser: &amp;apos;firefox&amp;apos;, Version: &amp;apos;74.&amp;apos;, Device: &amp;apos;unspecified&amp;apos;
Build info: version: &amp;apos;3.5.3&amp;apos;, revision: &amp;apos;a88d25fe6b&amp;apos;, time: &amp;apos;2017-08-29T12:42:44.417Z&amp;apos;
System info: host: &amp;apos;DESKTOP-98E3OTK&amp;apos;, ip: &amp;apos;192.168.0.129&amp;apos;, os.name: &amp;apos;Windows 10&amp;apos;, os.arch: &amp;apos;amd64&amp;apos;, os.version: &amp;apos;10.0&amp;apos;, java.version: &amp;apos;11.0.1&amp;apos;
Driver info: driver.version: RemoteWebDriver">
      <![CDATA[org.openqa.selenium.WebDriverException: Unable to parse remote response: Misconfigured -- Unsupported OS/browser/version/device combo: OS: 'Windows 10', Browser: 'firefox', Version: '74.', Device: 'unspecified'
Build info: version: '3.5.3', revision: 'a88d25fe6b', time: '2017-08-29T12:42:44.417Z'
System info: host: 'DESKTOP-98E3OTK', ip: '192.168.0.129', os.name: 'Windows 10', os.arch: 'amd64', os.version: '10.0', java.version: '11.0.1'
Driver info: driver.version: RemoteWebDriver
at org.openqa.selenium.remote.ProtocolHandshake.createSession(ProtocolHandshake.java:347)
at org.openqa.selenium.remote.ProtocolHandshake.createSession(ProtocolHandshake.java:136)
at org.openqa.selenium.remote.HttpCommandExecutor.execute(HttpCommandExecutor.java:142)
at org.openqa.selenium.remote.RemoteWebDriver.execute(RemoteWebDriver.java:646)
at org.openqa.selenium.remote.RemoteWebDriver.startSession(RemoteWebDriver.java:255)
at org.openqa.selenium.remote.RemoteWebDriver.startSession(RemoteWebDriver.java:237)
at org.openqa.selenium.remote.RemoteWebDriver.<init>(RemoteWebDriver.java:138)
at org.openqa.selenium.remote.RemoteWebDriver.<init>(RemoteWebDriver.java:175)
at testBase.Base.launchBrowser(Base.java:64)
at testngpractice.Selenium.intialization(Selenium.java:25)
at java.base/java.util.concurrent.FutureTask.run(FutureTask.java:264)
at java.base/java.util.concurrent.ThreadPoolExecutor.runWorker(ThreadPoolExecutor.java:1128)
at java.base/java.util.concurrent.ThreadPoolExecutor$Worker.run(ThreadPoolExecutor.java:628)
at java.base/java.lang.Thread.run(Thread.java:834)
... Removed 15 stack frames]]>
    </failure>
  </testcase> <!-- @BeforeTest intialization -->
  <testcase classname="testngpractice.Selenium" name="@AfterTest close_the_browser" time="0.0">
    <skipped/>
  </testcase> <!-- @AfterTest close_the_browser -->
  <testcase classname="testngpractice.Selenium" name="getTitle" time="0.289"/>
  <testcase classname="testngpractice.Selenium" name="clickonDemoSite" time="4.383"/>
  <testcase classname="testngpractice.Selenium" name="titleofDemoWebsite" time="0.3">
    <skipped/>
  </testcase> <!-- titleofDemoWebsite -->
  <testcase classname="testngpractice.Selenium" name="titleofDemoWebsite" time="1.3">
    <skipped/>
  </testcase> <!-- titleofDemoWebsite -->
  <testcase classname="testngpractice.Selenium" name="titleofDemoWebsite" time="0.354">
    <skipped/>
  </testcase> <!-- titleofDemoWebsite -->
  <testcase classname="testngpractice.Selenium" name="titleofDemoWebsite" time="0.308">
    <skipped/>
  </testcase> <!-- titleofDemoWebsite -->
  <testcase classname="testngpractice.Selenium" name="titleofDemoWebsite" time="0.322">
    <failure type="java.lang.AssertionError" message="expected [Selenium Easy - Best Demo website to practice Selenium Webdriver Online] but found [Selenium Easy - Best Demo website to practice Selenium Webdriver Onli]">
      <![CDATA[java.lang.AssertionError: expected [Selenium Easy - Best Demo website to practice Selenium Webdriver Online] but found [Selenium Easy - Best Demo website to practice Selenium Webdriver Onli]
at testngpractice.Selenium.titleofDemoWebsite(Selenium.java:45)
at java.base/java.util.concurrent.FutureTask.run(FutureTask.java:264)
at java.base/java.util.concurrent.ThreadPoolExecutor.runWorker(ThreadPoolExecutor.java:1128)
at java.base/java.util.concurrent.ThreadPoolExecutor$Worker.run(ThreadPoolExecutor.java:628)
at java.base/java.lang.Thread.run(Thread.java:834)
... Removed 22 stack frames]]>
    </failure>
  </testcase> <!-- titleofDemoWebsite -->
  <testcase classname="testngpractice.Selenium" name="click_on_input_forms" time="0.956"/>
  <testcase classname="testngpractice.Selenium" name="click_on_input_form_submit" time="1.596"/>
  <testcase classname="testngpractice.Selenium" name="user_enters_details_and_click_on_send" time="12.481"/>
</testsuite> <!-- Test1 -->
